<?xml version="1.0" encoding="UTF-8"?>
<!-- Generated by org.testng.reporters.JUnitReportReporter -->
<testsuite hostname="MSI" failures="0" tests="4" name="com.dvops.maven.eclipse.NewTest" time="3.979" errors="0" timestamp="3 Feb 2023 16:12:31 GMT">
  <testcase classname="com.dvops.maven.eclipse.NewTest" name="checkItem" time="2.384"/>
  <testcase classname="com.dvops.maven.eclipse.NewTest" name="checkUser" time="0.136"/>
  <testcase classname="com.dvops.maven.eclipse.NewTest" name="checkRegister" time="0.790"/>
  <testcase classname="com.dvops.maven.eclipse.NewTest" name="checkLogin" time="0.669"/>
</testsuite> <!-- com.dvops.maven.eclipse.NewTest -->
