<?xml version="1.0" encoding="UTF-8"?>
<!-- Generated by org.testng.reporters.JUnitReportReporter -->
<testsuite hostname="ColdWhite" failures="0" tests="2" name="com.dvops.maven.eclipse.NewTest" time="1.347" errors="0" timestamp="30 Jan 2023 20:31:28 GMT">
  <testcase classname="com.dvops.maven.eclipse.NewTest" name="checkId" time="0.755"/>
  <testcase classname="com.dvops.maven.eclipse.NewTest" name="checkTitle" time="0.592"/>
</testsuite> <!-- com.dvops.maven.eclipse.NewTest -->
