<?xml version="1.0" encoding="UTF-8"?>
<!-- Generated by org.testng.reporters.JUnitReportReporter -->
<testsuite hostname="MSI" failures="0" tests="4" name="com.dvops.maven.eclipse.NewTest" time="3.161" errors="0" timestamp="4 Feb 2023 19:28:18 GMT">
  <testcase classname="com.dvops.maven.eclipse.NewTest" name="checkItem" time="1.606"/>
  <testcase classname="com.dvops.maven.eclipse.NewTest" name="checkUser" time="0.127"/>
  <testcase classname="com.dvops.maven.eclipse.NewTest" name="checkRegister" time="0.824"/>
  <testcase classname="com.dvops.maven.eclipse.NewTest" name="checkLogin" time="0.604"/>
</testsuite> <!-- com.dvops.maven.eclipse.NewTest -->
