<?xml version="1.0" encoding="UTF-8"?>
<!-- Generated by org.testng.reporters.JUnitReportReporter -->
<testsuite hostname="MSI" failures="0" tests="4" name="com.dvops.maven.eclipse.NewTest" time="2.794" errors="0" timestamp="2 Feb 2023 15:55:03 GMT">
  <testcase classname="com.dvops.maven.eclipse.NewTest" name="checkItem" time="1.264"/>
  <testcase classname="com.dvops.maven.eclipse.NewTest" name="checkUser" time="0.130"/>
  <testcase classname="com.dvops.maven.eclipse.NewTest" name="checkRegister" time="0.793"/>
  <testcase classname="com.dvops.maven.eclipse.NewTest" name="checkLogin" time="0.607"/>
</testsuite> <!-- com.dvops.maven.eclipse.NewTest -->
