<?xml version="1.0" encoding="UTF-8"?>
<!-- Generated by org.testng.reporters.JUnitReportReporter -->
<testsuite hostname="ColdWhite" failures="0" tests="3" name="com.dvops.maven.eclipse.NewTest" time="2.506" errors="0" timestamp="1 Feb 2023 19:03:14 GMT">
  <testcase classname="com.dvops.maven.eclipse.NewTest" name="checkLogin" time="0.386"/>
  <testcase classname="com.dvops.maven.eclipse.NewTest" name="checkItem" time="1.503"/>
  <testcase classname="com.dvops.maven.eclipse.NewTest" name="checkRegister" time="0.617"/>
</testsuite> <!-- com.dvops.maven.eclipse.NewTest -->
