<?xml version="1.0" encoding="UTF-8"?>
<!-- Generated by org.testng.reporters.JUnitReportReporter -->
<testsuite hostname="ColdWhite" failures="0" tests="4" name="com.dvops.maven.eclipse.NewTest" time="5.656" errors="0" timestamp="3 Feb 2023 22:29:57 GMT">
  <testcase classname="com.dvops.maven.eclipse.NewTest" name="checkLogin" time="3.347"/>
  <testcase classname="com.dvops.maven.eclipse.NewTest" name="checkUser" time="0.222"/>
  <testcase classname="com.dvops.maven.eclipse.NewTest" name="checkItem" time="1.399"/>
  <testcase classname="com.dvops.maven.eclipse.NewTest" name="checkRegister" time="0.688"/>
</testsuite> <!-- com.dvops.maven.eclipse.NewTest -->
