<?xml version="1.0" encoding="UTF-8"?>
<!-- Generated by org.testng.reporters.JUnitReportReporter -->
<testsuite hostname="MSI" failures="0" tests="2" name="com.dvops.maven.eclipse.NewTest" time="2.060" errors="0" timestamp="2 Feb 2023 09:25:03 GMT">
  <testcase classname="com.dvops.maven.eclipse.NewTest" name="checkItem" time="1.444"/>
  <testcase classname="com.dvops.maven.eclipse.NewTest" name="checkUser" time="0.616"/>
</testsuite> <!-- com.dvops.maven.eclipse.NewTest -->
