<?xml version="1.0" encoding="UTF-8"?>
<!-- Generated by org.testng.reporters.JUnitReportReporter -->
<testsuite hostname="ColdWhite" failures="0" tests="4" name="com.dvops.maven.eclipse.NewTest" time="2.836" errors="0" timestamp="2 Feb 2023 14:22:31 GMT">
  <testcase classname="com.dvops.maven.eclipse.NewTest" name="checkLogin" time="0.504"/>
  <testcase classname="com.dvops.maven.eclipse.NewTest" name="checkUser" time="0.342"/>
  <testcase classname="com.dvops.maven.eclipse.NewTest" name="checkItem" time="1.346"/>
  <testcase classname="com.dvops.maven.eclipse.NewTest" name="checkRegister" time="0.644"/>
</testsuite> <!-- com.dvops.maven.eclipse.NewTest -->
