<?xml version="1.0" encoding="UTF-8"?>
<!-- Generated by org.testng.reporters.JUnitReportReporter -->
<testsuite hostname="MSI" failures="0" tests="4" name="com.dvops.maven.eclipse.NewTest" time="3.571" errors="0" timestamp="4 Feb 2023 10:51:00 GMT">
  <testcase classname="com.dvops.maven.eclipse.NewTest" name="checkItem" time="1.949"/>
  <testcase classname="com.dvops.maven.eclipse.NewTest" name="checkUser" time="0.131"/>
  <testcase classname="com.dvops.maven.eclipse.NewTest" name="checkRegister" time="0.841"/>
  <testcase classname="com.dvops.maven.eclipse.NewTest" name="checkLogin" time="0.650"/>
</testsuite> <!-- com.dvops.maven.eclipse.NewTest -->
