<?xml version="1.0" encoding="UTF-8"?>
<!-- Generated by org.testng.reporters.JUnitReportReporter -->
<testsuite hostname="MSI" failures="0" tests="4" name="com.dvops.maven.eclipse.NewTest" time="2.916" errors="0" timestamp="1 Feb 2023 19:46:12 GMT">
  <testcase classname="com.dvops.maven.eclipse.NewTest" name="checkRegister" time="0.907"/>
  <testcase classname="com.dvops.maven.eclipse.NewTest" name="checkUser" time="0.129"/>
  <testcase classname="com.dvops.maven.eclipse.NewTest" name="checkItem" time="1.222"/>
  <testcase classname="com.dvops.maven.eclipse.NewTest" name="checkLogin" time="0.658"/>
</testsuite> <!-- com.dvops.maven.eclipse.NewTest -->
