<?xml version="1.0" encoding="UTF-8"?>
<!-- Generated by org.testng.reporters.JUnitReportReporter -->
<testsuite hostname="ColdWhite" failures="0" tests="4" name="com.dvops.maven.eclipse.NewTest" time="2.841" errors="0" timestamp="2 Feb 2023 12:04:00 GMT">
  <testcase classname="com.dvops.maven.eclipse.NewTest" name="checkItem" time="1.455"/>
  <testcase classname="com.dvops.maven.eclipse.NewTest" name="checkUser" time="0.257"/>
  <testcase classname="com.dvops.maven.eclipse.NewTest" name="checkLogin" time="0.495"/>
  <testcase classname="com.dvops.maven.eclipse.NewTest" name="checkRegister" time="0.634"/>
</testsuite> <!-- com.dvops.maven.eclipse.NewTest -->
