<?xml version="1.0" encoding="UTF-8"?>
<!-- Generated by org.testng.reporters.JUnitReportReporter -->
<testsuite hostname="LAPTOP-6J7N789D" failures="0" tests="4" name="com.dvops.maven.eclipse.NewTest" time="2.901" errors="0" timestamp="1 Feb 2023 16:12:07 GMT">
  <testcase classname="com.dvops.maven.eclipse.NewTest" name="checkItem" time="1.124"/>
  <testcase classname="com.dvops.maven.eclipse.NewTest" name="checkUser" time="0.235"/>
  <testcase classname="com.dvops.maven.eclipse.NewTest" name="checkRegister" time="0.970"/>
  <testcase classname="com.dvops.maven.eclipse.NewTest" name="checkLogin" time="0.572"/>
</testsuite> <!-- com.dvops.maven.eclipse.NewTest -->
