<?xml version="1.0" encoding="UTF-8"?>
<!-- Generated by org.testng.reporters.JUnitReportReporter -->
<testsuite hostname="ColdWhite" failures="0" tests="4" name="com.dvops.maven.eclipse.NewTest" time="3.868" errors="0" timestamp="2 Feb 2023 15:04:24 GMT">
  <testcase classname="com.dvops.maven.eclipse.NewTest" name="checkLogin" time="0.463"/>
  <testcase classname="com.dvops.maven.eclipse.NewTest" name="checkUser" time="0.328"/>
  <testcase classname="com.dvops.maven.eclipse.NewTest" name="checkItem" time="2.314"/>
  <testcase classname="com.dvops.maven.eclipse.NewTest" name="checkRegister" time="0.763"/>
</testsuite> <!-- com.dvops.maven.eclipse.NewTest -->
