<?xml version="1.0" encoding="UTF-8"?>
<!-- Generated by org.testng.reporters.JUnitReportReporter -->
<testsuite hostname="ColdWhite" failures="0" tests="4" name="com.dvops.maven.eclipse.NewTest" time="2.400" errors="0" timestamp="5 Feb 2023 11:58:03 GMT">
  <testcase classname="com.dvops.maven.eclipse.NewTest" name="checkRegister" time="0.484"/>
  <testcase classname="com.dvops.maven.eclipse.NewTest" name="checkItem" time="1.330"/>
  <testcase classname="com.dvops.maven.eclipse.NewTest" name="checkLogin" time="0.336"/>
  <testcase classname="com.dvops.maven.eclipse.NewTest" name="checkUser" time="0.250"/>
</testsuite> <!-- com.dvops.maven.eclipse.NewTest -->
