<?xml version="1.0" encoding="UTF-8"?>
<!-- Generated by org.testng.reporters.JUnitReportReporter -->
<testsuite hostname="ColdWhite" failures="0" tests="4" name="com.dvops.maven.eclipse.NewTest" time="2.920" errors="0" timestamp="2 Feb 2023 14:45:14 GMT">
  <testcase classname="com.dvops.maven.eclipse.NewTest" name="checkItem" time="1.551"/>
  <testcase classname="com.dvops.maven.eclipse.NewTest" name="checkRegister" time="0.677"/>
  <testcase classname="com.dvops.maven.eclipse.NewTest" name="checkLogin" time="0.454"/>
  <testcase classname="com.dvops.maven.eclipse.NewTest" name="checkUser" time="0.238"/>
</testsuite> <!-- com.dvops.maven.eclipse.NewTest -->
