<?xml version="1.0" encoding="UTF-8"?>
<!-- Generated by org.testng.reporters.JUnitReportReporter -->
<testsuite hostname="LAPTOP-6J7N789D" failures="0" tests="2" name="com.dvops.maven.eclipse.NewTest" time="1.908" errors="0" timestamp="31 Jan 2023 13:09:35 GMT">
  <testcase classname="com.dvops.maven.eclipse.NewTest" name="checkId" time="0.581"/>
  <testcase classname="com.dvops.maven.eclipse.NewTest" name="checkTitle" time="1.327"/>
</testsuite> <!-- com.dvops.maven.eclipse.NewTest -->
